<?xml version="1.0" encoding="UTF-8"?>
<!-- Generated by org.testng.reporters.JUnitXMLReporter -->
<testsuite ignored="2" hostname="WUSSC250374-ZV8" failures="0" tests="1" name="Home Loan" time="0.004" errors="0" timestamp="2024-11-24T11:21:56 PST">
  <testcase classname="Test.Day4" name="loginAPIHomeLoan" time="0.001"/>
  <testcase classname="Test.Day4" name="webLoginHomeLoan" time="0.0">
    <ignored/>
  </testcase> <!-- webLoginHomeLoan -->
  <testcase classname="Test.Day4" name="mobileLoginHomeLoan" time="0.0">
    <ignored/>
  </testcase> <!-- mobileLoginHomeLoan -->
</testsuite> <!-- Home Loan -->
