<?xml version="1.0" encoding="UTF-8"?>
<!-- Generated by org.testng.reporters.JUnitXMLReporter -->
<testsuite ignored="3" hostname="WUSSC250374-ZV8" failures="0" tests="8" name="Regression" time="0.064" errors="0" timestamp="2024-11-23T18:22:24 PST">
  <testcase classname="Test.Day1" name="demo" time="0.004"/>
  <testcase classname="Test.Day1" name="secondTest" time="0.002"/>
  <testcase classname="Test.Day4" name="loginAPIHomeLoan" time="0.001"/>
  <testcase classname="Test.Day4" name="webLoginHomeLoan" time="0.005"/>
  <testcase classname="Test.Day3" name="mobileLoginCarLoan" time="0.001"/>
  <testcase classname="Test.Day3" name="mobileSignInCarLoan" time="0.001"/>
  <testcase classname="Test.Day3" name="mobileSignOutCarLoan" time="0.001"/>
  <testcase classname="Test.Day3" name="webLoginCarLoan" time="0.0"/>
  <testcase classname="Test.Day4" name="mobileLoginHomeLoan" time="0.0">
    <ignored/>
  </testcase> <!-- mobileLoginHomeLoan -->
  <testcase classname="Test.Day3" name="loginAPICarLoan" time="0.0">
    <ignored/>
  </testcase> <!-- loginAPICarLoan -->
  <testcase classname="Test.Day2" name="loan" time="0.0">
    <ignored/>
  </testcase> <!-- loan -->
</testsuite> <!-- Regression -->
