<?xml version="1.0" encoding="UTF-8"?>
<!-- Generated by org.testng.reporters.JUnitXMLReporter -->
<testsuite ignored="1" hostname="WUSSC250374-ZV8" failures="0" tests="6" name="test Loan" time="0.013" errors="0" timestamp="2024-11-24T11:21:56 PST">
  <testcase classname="Test.Day3" name="loginAPICarLoan" time="0.0"/>
  <testcase classname="Test.Day3" name="mobileLoginCarLoan" time="0.001"/>
  <testcase classname="Test.Day3" name="mobileSignOutCarLoan" time="0.001"/>
  <testcase classname="Test.Day3" name="mobileSignOutCarLoan" time="0.001"/>
  <testcase classname="Test.Day3" name="mobileSignOutCarLoan" time="0.0"/>
  <testcase classname="Test.Day3" name="webLoginCarLoan" time="0.0"/>
  <testcase classname="Test.Day3" name="mobileSignInCarLoan" time="0.0">
    <ignored/>
  </testcase> <!-- mobileSignInCarLoan -->
</testsuite> <!-- test Loan -->
